<?xml version="1.0" encoding="UTF-8"?>
<!-- Generated by org.testng.reporters.JUnitReportReporter -->
<testsuite hostname="Asra" failures="0" tests="1" name="TestCases.AddToCart" time="15.367" errors="0" timestamp="2025-09-18T00:02:28 EDT" skipped="0">
  <testcase classname="TestCases.AddToCart" name="AddToCartTest" time="15.367"/>
</testsuite> <!-- TestCases.AddToCart -->
