<?xml version="1.0" encoding="UTF-8"?>
<!-- Generated by org.testng.reporters.JUnitReportReporter -->
<testsuite hostname="Asra" failures="0" tests="1" name="TestCases.CompletePurchase" time="56.740" errors="0" timestamp="2025-09-18T00:03:43 EDT" skipped="0">
  <testcase classname="TestCases.CompletePurchase" name="CompletePurchaseTest" time="56.740"/>
</testsuite> <!-- TestCases.CompletePurchase -->
