<?xml version="1.0" encoding="UTF-8"?>
<!-- Generated by org.testng.reporters.JUnitReportReporter -->
<testsuite hostname="Asra" failures="0" tests="1" name="TestCases.LaunchApp" time="4.318" errors="0" timestamp="2025-09-17T23:57:48 EDT" skipped="0">
  <testcase classname="TestCases.LaunchApp" name="LaunchAppTest" time="4.318"/>
</testsuite> <!-- TestCases.LaunchApp -->
