<?xml version="1.0" encoding="UTF-8"?>
<!-- Generated by org.testng.reporters.JUnitReportReporter -->
<testsuite hostname="Asra" failures="0" tests="1" name="TestCases.ValidateToastMessage" time="5.261" errors="0" timestamp="2025-09-17T23:56:56 EDT" skipped="0">
  <testcase classname="TestCases.ValidateToastMessage" name="ValidateToastMessageTest" time="5.261"/>
</testsuite> <!-- TestCases.ValidateToastMessage -->
