<?xml version="1.0" encoding="UTF-8"?>
<!-- Generated by org.testng.reporters.JUnitReportReporter -->
<testsuite hostname="Asra" failures="0" tests="1" name="TestCases.LetsShop" time="6.983" errors="0" timestamp="2025-09-17T23:57:24 EDT" skipped="0">
  <testcase classname="TestCases.LetsShop" name="LetsShopTest" time="6.983"/>
</testsuite> <!-- TestCases.LetsShop -->
