<?xml version="1.0" encoding="UTF-8"?>
<!-- Generated by org.testng.reporters.JUnitReportReporter -->
<testsuite hostname="Asra" failures="0" tests="1" name="TestCases.TermsAndConditions" time="16.292" errors="0" timestamp="2025-09-17T23:56:33 EDT" skipped="0">
  <testcase classname="TestCases.TermsAndConditions" name="TermsAndConditionsTest" time="16.292"/>
</testsuite> <!-- TestCases.TermsAndConditions -->
