<?xml version="1.0" encoding="UTF-8"?>
<!-- Generated by org.testng.reporters.JUnitReportReporter -->
<testsuite hostname="Asra" failures="0" tests="1" name="TestCases.ShopSelectingUnitedStates" time="57.755" errors="0" timestamp="2025-09-17T23:55:58 EDT" skipped="0">
  <testcase classname="TestCases.ShopSelectingUnitedStates" name="ShopSelectingUnitedStatesTest" time="57.755"/>
</testsuite> <!-- TestCases.ShopSelectingUnitedStates -->
